e:\uni work\uni classes\year 2\data structures\assignment\carminecarriedoassignment2\tricktakinggamev3\tricktakinggame\tricktakinggame\x64\debug\vc141.pdb
e:\uni work\uni classes\year 2\data structures\assignment\carminecarriedoassignment2\tricktakinggamev3\tricktakinggame\tricktakinggame\x64\debug\vc141.idb
e:\uni work\uni classes\year 2\data structures\assignment\carminecarriedoassignment2\tricktakinggamev3\tricktakinggame\tricktakinggame\x64\debug\basicai.obj
e:\uni work\uni classes\year 2\data structures\assignment\carminecarriedoassignment2\tricktakinggamev3\tricktakinggame\tricktakinggame\x64\debug\card.obj
e:\uni work\uni classes\year 2\data structures\assignment\carminecarriedoassignment2\tricktakinggamev3\tricktakinggame\tricktakinggame\x64\debug\game.obj
e:\uni work\uni classes\year 2\data structures\assignment\carminecarriedoassignment2\tricktakinggamev3\tricktakinggame\tricktakinggame\x64\debug\mediumai.obj
e:\uni work\uni classes\year 2\data structures\assignment\carminecarriedoassignment2\tricktakinggamev3\tricktakinggame\tricktakinggame\x64\debug\packsingleton.obj
e:\uni work\uni classes\year 2\data structures\assignment\carminecarriedoassignment2\tricktakinggamev3\tricktakinggame\tricktakinggame\x64\debug\player.obj
e:\uni work\uni classes\year 2\data structures\assignment\carminecarriedoassignment2\tricktakinggamev3\tricktakinggame\tricktakinggame\x64\debug\pseudorandomnumbergenerator.obj
e:\uni work\uni classes\year 2\data structures\assignment\carminecarriedoassignment2\tricktakinggamev3\tricktakinggame\tricktakinggame\x64\debug\smartai.obj
e:\uni work\uni classes\year 2\data structures\assignment\carminecarriedoassignment2\tricktakinggamev3\tricktakinggame\tricktakinggame\x64\debug\source.obj
e:\uni work\uni classes\year 2\data structures\assignment\carminecarriedoassignment2\tricktakinggamev3\tricktakinggame\tricktakinggame\x64\debug\ttg_player.obj
e:\uni work\uni classes\year 2\data structures\assignment\carminecarriedoassignment2\tricktakinggamev3\tricktakinggame\tricktakinggame\x64\debug\human.obj
e:\uni work\uni classes\year 2\data structures\assignment\carminecarriedoassignment2\tricktakinggamev3\tricktakinggame\x64\debug\tricktakinggame.ilk
e:\uni work\uni classes\year 2\data structures\assignment\carminecarriedoassignment2\tricktakinggamev3\tricktakinggame\x64\debug\tricktakinggame.exe
e:\uni work\uni classes\year 2\data structures\assignment\carminecarriedoassignment2\tricktakinggamev3\tricktakinggame\x64\debug\tricktakinggame.pdb
e:\uni work\uni classes\year 2\data structures\assignment\carminecarriedoassignment2\tricktakinggamev3\tricktakinggame\tricktakinggame\x64\debug\tricktakinggame.tlog\cl.command.1.tlog
e:\uni work\uni classes\year 2\data structures\assignment\carminecarriedoassignment2\tricktakinggamev3\tricktakinggame\tricktakinggame\x64\debug\tricktakinggame.tlog\cl.read.1.tlog
e:\uni work\uni classes\year 2\data structures\assignment\carminecarriedoassignment2\tricktakinggamev3\tricktakinggame\tricktakinggame\x64\debug\tricktakinggame.tlog\cl.write.1.tlog
e:\uni work\uni classes\year 2\data structures\assignment\carminecarriedoassignment2\tricktakinggamev3\tricktakinggame\tricktakinggame\x64\debug\tricktakinggame.tlog\link.command.1.tlog
e:\uni work\uni classes\year 2\data structures\assignment\carminecarriedoassignment2\tricktakinggamev3\tricktakinggame\tricktakinggame\x64\debug\tricktakinggame.tlog\link.read.1.tlog
e:\uni work\uni classes\year 2\data structures\assignment\carminecarriedoassignment2\tricktakinggamev3\tricktakinggame\tricktakinggame\x64\debug\tricktakinggame.tlog\link.write.1.tlog
